<?xml version="1.0" encoding="UTF-8"?>
<!-- Generated by org.testng.reporters.JUnitXMLReporter -->
<testsuite hostname="DESKTOP-PCG3QI7" ignored="0" name="GalacTioTest" tests="1" failures="1" timestamp="11 Dec 2019 05:47:28 GMT" time="80.423" errors="0">
  <testcase name="GalactioLaunch" time="5.222" classname="com.mapsynq.TestCases.GalatioTestCase">
    <failure type="java.lang.AssertionError" message="expected [true] but found [false]">
      <![CDATA[java.lang.AssertionError: expected [true] but found [false]
at com.mapsynq.TestCases.GalatioTestCase.GalactioLaunch(GalatioTestCase.java:42)
... Removed 33 stack frames]]>
    </failure>
  </testcase> <!-- GalactioLaunch -->
</testsuite> <!-- GalacTioTest -->
