<?xml version="1.0" encoding="UTF-8"?>
<!-- Generated by org.testng.reporters.JUnitXMLReporter -->
<testsuite hostname="DESKTOP-PCG3QI7" ignored="0" name="SignInTest" tests="3" failures="0" timestamp="13 Dec 2019 06:05:04 GMT" time="53.536" errors="0">
  <testcase name="validatePageTitle" time="18.923" classname="com.mapsynq.TestCases.SignInTestCase"/>
  <testcase name="InvalidSignIn" time="7.863" classname="com.mapsynq.TestCases.SignInTestCase"/>
  <testcase name="CreateAcctLinkCheck" time="1.619" classname="com.mapsynq.TestCases.SignInTestCase"/>
</testsuite> <!-- SignInTest -->
